<?xml version="1.0" encoding="UTF-8"?>
<!-- Generated by org.testng.reporters.JUnitXMLReporter -->
<testsuite ignored="4" hostname="LTIN517525" failures="0" tests="18" name="ChromeTest" time="131.48" errors="0" timestamp="2024-03-11T19:20:05 IST">
  <testcase classname="TestCases.TC001_IdentifyCourses" name="verifyInputBox" time="4.639"/>
  <testcase classname="TestCases.TC001_IdentifyCourses" name="VerifySelection" time="3.493"/>
  <testcase classname="TestCases.TC001_IdentifyCourses" name="verifyCourse" time="12.346"/>
  <testcase classname="TestCases.TC002_LanguageLearning" name="keyActions" time="3.915"/>
  <testcase classname="TestCases.TC002_LanguageLearning" name="getLanguages" time="50.16"/>
  <testcase classname="TestCases.TC002_LanguageLearning" name="closeButton" time="0.155"/>
  <testcase classname="TestCases.TC002_LanguageLearning" name="getLevel" time="8.712"/>
  <testcase classname="TestCases.TC003_ForEnterprise" name="homepage" time="7.528"/>
  <testcase classname="TestCases.TC003_ForEnterprise" name="clickEnterprise" time="6.402"/>
  <testcase classname="TestCases.TC003_ForEnterprise" name="clickCoursera" time="5.831"/>
  <testcase classname="TestCases.TC003_ForEnterprise" name="scrollToForm" time="0.047"/>
  <testcase classname="TestCases.TC003_ForEnterprise" name="fillName" time="0.628"/>
  <testcase classname="TestCases.TC003_ForEnterprise" name="personalDetails" time="0.507"/>
  <testcase classname="TestCases.TC003_ForEnterprise" name="institution" time="0.778"/>
  <testcase classname="TestCases.TC003_ForEnterprise" name="jobDetails" time="1.048"/>
  <testcase classname="TestCases.TC003_ForEnterprise" name="countryDetails" time="0.478"/>
  <testcase classname="TestCases.TC003_ForEnterprise" name="submitButton" time="3.138"/>
  <testcase classname="TestCases.TC003_ForEnterprise" name="errorMessage" time="0.133"/>
  <testcase classname="TestBase.BaseClass" name="@BeforeTest setUp1" time="0.0">
    <ignored/>
  </testcase> <!-- @BeforeTest setUp1 -->
  <testcase classname="TestBase.BaseClass" name="@BeforeTest setUp1" time="0.0">
    <ignored/>
  </testcase> <!-- @BeforeTest setUp1 -->
  <testcase classname="TestBase.BaseClass" name="@AfterTest tearDown" time="0.0">
    <ignored/>
  </testcase> <!-- @AfterTest tearDown -->
  <testcase classname="TestBase.BaseClass" name="@AfterTest tearDown" time="0.0">
    <ignored/>
  </testcase> <!-- @AfterTest tearDown -->
</testsuite> <!-- ChromeTest -->
