<?xml version="1.0" encoding="UTF-8"?>
<!-- Generated by org.testng.reporters.JUnitXMLReporter -->
<testsuite ignored="4" hostname="LTIN517525" failures="0" tests="18" name="EdgeTest" time="133.56" errors="0" timestamp="2024-03-11T19:17:47 IST">
  <testcase classname="TestCases.TC001_IdentifyCourses" name="verifyInputBox" time="9.265"/>
  <testcase classname="TestCases.TC001_IdentifyCourses" name="VerifySelection" time="3.299"/>
  <testcase classname="TestCases.TC001_IdentifyCourses" name="verifyCourse" time="15.17"/>
  <testcase classname="TestCases.TC002_LanguageLearning" name="keyActions" time="3.993"/>
  <testcase classname="TestCases.TC002_LanguageLearning" name="getLanguages" time="50.394"/>
  <testcase classname="TestCases.TC002_LanguageLearning" name="closeButton" time="0.126"/>
  <testcase classname="TestCases.TC002_LanguageLearning" name="getLevel" time="8.644"/>
  <testcase classname="TestCases.TC003_ForEnterprise" name="homepage" time="6.288"/>
  <testcase classname="TestCases.TC003_ForEnterprise" name="clickEnterprise" time="5.986"/>
  <testcase classname="TestCases.TC003_ForEnterprise" name="clickCoursera" time="5.883"/>
  <testcase classname="TestCases.TC003_ForEnterprise" name="scrollToForm" time="0.034"/>
  <testcase classname="TestCases.TC003_ForEnterprise" name="fillName" time="0.439"/>
  <testcase classname="TestCases.TC003_ForEnterprise" name="personalDetails" time="0.323"/>
  <testcase classname="TestCases.TC003_ForEnterprise" name="institution" time="0.724"/>
  <testcase classname="TestCases.TC003_ForEnterprise" name="jobDetails" time="1.091"/>
  <testcase classname="TestCases.TC003_ForEnterprise" name="countryDetails" time="0.361"/>
  <testcase classname="TestCases.TC003_ForEnterprise" name="submitButton" time="3.072"/>
  <testcase classname="TestCases.TC003_ForEnterprise" name="errorMessage" time="0.136"/>
  <testcase classname="TestBase.BaseClass" name="@BeforeTest setUp1" time="0.0">
    <ignored/>
  </testcase> <!-- @BeforeTest setUp1 -->
  <testcase classname="TestBase.BaseClass" name="@BeforeTest setUp1" time="0.0">
    <ignored/>
  </testcase> <!-- @BeforeTest setUp1 -->
  <testcase classname="TestBase.BaseClass" name="@AfterTest tearDown" time="0.0">
    <ignored/>
  </testcase> <!-- @AfterTest tearDown -->
  <testcase classname="TestBase.BaseClass" name="@AfterTest tearDown" time="0.0">
    <ignored/>
  </testcase> <!-- @AfterTest tearDown -->
</testsuite> <!-- EdgeTest -->
