<?xml version="1.0" encoding="UTF-8"?>
<!-- Generated by org.testng.reporters.JUnitXMLReporter -->
<testsuite ignored="4" hostname="LTIN517525" failures="0" tests="18" name="Test" time="138.574" errors="0" timestamp="2024-03-11T19:14:42 IST">
  <testcase classname="TestCases.TC001_IdentifyCourses" name="verifyInputBox" time="7.186"/>
  <testcase classname="TestCases.TC001_IdentifyCourses" name="VerifySelection" time="4.975"/>
  <testcase classname="TestCases.TC001_IdentifyCourses" name="verifyCourse" time="16.035"/>
  <testcase classname="TestCases.TC002_LanguageLearning" name="keyActions" time="4.397"/>
  <testcase classname="TestCases.TC002_LanguageLearning" name="getLanguages" time="50.352"/>
  <testcase classname="TestCases.TC002_LanguageLearning" name="closeButton" time="0.151"/>
  <testcase classname="TestCases.TC002_LanguageLearning" name="getLevel" time="8.664"/>
  <testcase classname="TestCases.TC003_ForEnterprise" name="homepage" time="5.809"/>
  <testcase classname="TestCases.TC003_ForEnterprise" name="clickEnterprise" time="6.254"/>
  <testcase classname="TestCases.TC003_ForEnterprise" name="clickCoursera" time="5.471"/>
  <testcase classname="TestCases.TC003_ForEnterprise" name="scrollToForm" time="0.03"/>
  <testcase classname="TestCases.TC003_ForEnterprise" name="fillName" time="0.566"/>
  <testcase classname="TestCases.TC003_ForEnterprise" name="personalDetails" time="0.416"/>
  <testcase classname="TestCases.TC003_ForEnterprise" name="institution" time="0.617"/>
  <testcase classname="TestCases.TC003_ForEnterprise" name="jobDetails" time="0.64"/>
  <testcase classname="TestCases.TC003_ForEnterprise" name="countryDetails" time="0.361"/>
  <testcase classname="TestCases.TC003_ForEnterprise" name="submitButton" time="3.109"/>
  <testcase classname="TestCases.TC003_ForEnterprise" name="errorMessage" time="0.09"/>
  <testcase classname="TestBase.BaseClass" name="@BeforeTest setUp1" time="0.0">
    <ignored/>
  </testcase> <!-- @BeforeTest setUp1 -->
  <testcase classname="TestBase.BaseClass" name="@BeforeTest setUp1" time="0.0">
    <ignored/>
  </testcase> <!-- @BeforeTest setUp1 -->
  <testcase classname="TestBase.BaseClass" name="@AfterTest tearDown" time="0.0">
    <ignored/>
  </testcase> <!-- @AfterTest tearDown -->
  <testcase classname="TestBase.BaseClass" name="@AfterTest tearDown" time="0.0">
    <ignored/>
  </testcase> <!-- @AfterTest tearDown -->
</testsuite> <!-- Test -->
