<?xml version="1.0" encoding="UTF-8"?>
<testsuite xmlns:xsi="http://www.w3.org/2001/XMLSchema-instance" xsi:noNamespaceSchemaLocation="https://maven.apache.org/surefire/maven-surefire-plugin/xsd/surefire-test-report-3.0.xsd" version="3.0" name="TestSuite" time="300.567" tests="18" errors="0" skipped="0" failures="1">
  <properties>
[...]
</properties>
  <testcase name="verifyInputBox" classname="TestCases.TC001_IdentifyCourses" time="22.533">
    <system-out><![CDATA[10:05:32.275 [main] INFO  TestBase.BaseClass - -----The search button is clicked successfully-----
]]></system-out>
    <system-err><![CDATA[Mar 05, 2024 10:04:54 AM org.openqa.selenium.devtools.CdpVersionFinder findNearestMatch
WARNING: Unable to find CDP implementation matching 113
Mar 05, 2024 10:04:54 AM org.openqa.selenium.chromium.ChromiumDriver lambda$new$5
WARNING: Unable to find version of CDP to use for 113.0.5672.93. You may need to include a dependency on a specific version of the CDP using something similar to `org.seleniumhq.selenium:selenium-devtools-v86:4.17.0` where the version ("v86") matches the version of the chromium-based browser you're using and the version number of the artifact is the same as Selenium's.
]]></system-err>
  </testcase>
  <testcase name="VerifySelection" classname="TestCases.TC001_IdentifyCourses" time="4.716">
    <system-out><![CDATA[10:05:37.319 [main] INFO  TestBase.BaseClass - -----Successfully scrolled to the top page-----
]]></system-out>
  </testcase>
  <testcase name="verifyCourse" classname="TestCases.TC001_IdentifyCourses" time="47.926">
    <failure message="no such element: Unable to locate element: {&quot;method&quot;:&quot;xpath&quot;,&quot;selector&quot;:&quot;(//div[starts-with(@class,&apos;cds-119 cds-Typography-base css-h&apos;)])[6]&quot;}&#10;  (Session info: chrome=113.0.5672.93)&#10;For documentation on this error, please visit: https://www.selenium.dev/documentation/webdriver/troubleshooting/errors#no-such-element-exception&#10;Build info: version: &apos;4.17.0&apos;, revision: &apos;e52b1be057*&apos;&#10;System info: os.name: &apos;Windows 11&apos;, os.arch: &apos;amd64&apos;, os.version: &apos;10.0&apos;, java.version: &apos;17.0.9&apos;&#10;Driver info: org.openqa.selenium.chrome.ChromeDriver&#10;Command: [fe66ea5d9837f1c24dc838ffb9e761d5, findElement {using=xpath, value=(//div[starts-with(@class,&apos;cds-119 cds-Typography-base css-h&apos;)])[6]}]&#10;Capabilities {acceptInsecureCerts: false, browserName: chrome, browserVersion: 113.0.5672.93, chrome: {chromedriverVersion: 113.0.5672.63 (0e1a4471d5ae..., userDataDir: C:\Program Files (x86)\scop...}, goog:chromeOptions: {debuggerAddress: localhost:60081}, networkConnectionEnabled: false, pageLoadStrategy: normal, platformName: windows, proxy: Proxy(), se:cdp: ws://localhost:60081/devtoo..., se:cdpVersion: 113.0.5672.93, setWindowRect: true, strictFileInteractability: false, timeouts: {implicit: 0, pageLoad: 300000, script: 30000}, unhandledPromptBehavior: dismiss and notify, webauthn:extension:credBlob: true, webauthn:extension:largeBlob: true, webauthn:extension:minPinLength: true, webauthn:extension:prf: true, webauthn:virtualAuthenticators: true}&#10;Session ID: fe66ea5d9837f1c24dc838ffb9e761d5" type="org.openqa.selenium.NoSuchElementException"><![CDATA[org.openqa.selenium.NoSuchElementException: 
no such element: Unable to locate element: {"method":"xpath","selector":"(//div[starts-with(@class,'cds-119 cds-Typography-base css-h')])[6]"}
  (Session info: chrome=113.0.5672.93)
For documentation on this error, please visit: https://www.selenium.dev/documentation/webdriver/troubleshooting/errors#no-such-element-exception
Build info: version: '4.17.0', revision: 'e52b1be057*'
System info: os.name: 'Windows 11', os.arch: 'amd64', os.version: '10.0', java.version: '17.0.9'
Driver info: org.openqa.selenium.chrome.ChromeDriver
Command: [fe66ea5d9837f1c24dc838ffb9e761d5, findElement {using=xpath, value=(//div[starts-with(@class,'cds-119 cds-Typography-base css-h')])[6]}]
Capabilities {acceptInsecureCerts: false, browserName: chrome, browserVersion: 113.0.5672.93, chrome: {chromedriverVersion: 113.0.5672.63 (0e1a4471d5ae..., userDataDir: C:\Program Files (x86)\scop...}, goog:chromeOptions: {debuggerAddress: localhost:60081}, networkConnectionEnabled: false, pageLoadStrategy: normal, platformName: windows, proxy: Proxy(), se:cdp: ws://localhost:60081/devtoo..., se:cdpVersion: 113.0.5672.93, setWindowRect: true, strictFileInteractability: false, timeouts: {implicit: 0, pageLoad: 300000, script: 30000}, unhandledPromptBehavior: dismiss and notify, webauthn:extension:credBlob: true, webauthn:extension:largeBlob: true, webauthn:extension:minPinLength: true, webauthn:extension:prf: true, webauthn:virtualAuthenticators: true}
Session ID: fe66ea5d9837f1c24dc838ffb9e761d5
	at java.base/jdk.internal.reflect.NativeConstructorAccessorImpl.newInstance0(Native Method)
	at java.base/jdk.internal.reflect.NativeConstructorAccessorImpl.newInstance(NativeConstructorAccessorImpl.java:77)
	at java.base/jdk.internal.reflect.DelegatingConstructorAccessorImpl.newInstance(DelegatingConstructorAccessorImpl.java:45)
	at java.base/java.lang.reflect.Constructor.newInstanceWithCaller(Constructor.java:499)
	at java.base/java.lang.reflect.Constructor.newInstance(Constructor.java:480)
	at org.openqa.selenium.remote.codec.w3c.W3CHttpResponseCodec.createException(W3CHttpResponseCodec.java:185)
	at org.openqa.selenium.remote.codec.w3c.W3CHttpResponseCodec.decode(W3CHttpResponseCodec.java:134)
	at org.openqa.selenium.remote.codec.w3c.W3CHttpResponseCodec.decode(W3CHttpResponseCodec.java:51)
	at org.openqa.selenium.remote.HttpCommandExecutor.execute(HttpCommandExecutor.java:190)
	at org.openqa.selenium.remote.service.DriverCommandExecutor.invokeExecute(DriverCommandExecutor.java:216)
	at org.openqa.selenium.remote.service.DriverCommandExecutor.execute(DriverCommandExecutor.java:174)
	at org.openqa.selenium.remote.RemoteWebDriver.execute(RemoteWebDriver.java:519)
	at org.openqa.selenium.remote.ElementLocation$ElementFinder$2.findElement(ElementLocation.java:165)
	at org.openqa.selenium.remote.ElementLocation.findElement(ElementLocation.java:59)
	at org.openqa.selenium.remote.RemoteWebDriver.findElement(RemoteWebDriver.java:356)
	at org.openqa.selenium.remote.RemoteWebDriver.findElement(RemoteWebDriver.java:350)
	at org.openqa.selenium.support.pagefactory.DefaultElementLocator.findElement(DefaultElementLocator.java:68)
	at org.openqa.selenium.support.pagefactory.internal.LocatingElementHandler.invoke(LocatingElementHandler.java:38)
	at jdk.proxy2/jdk.proxy2.$Proxy12.getText(Unknown Source)
	at PageObjects.WebDevelopment.courseDetails1(WebDevelopment.java:104)
	at TestCases.TC001_IdentifyCourses.verifyCourse(TC001_IdentifyCourses.java:34)
	at java.base/jdk.internal.reflect.NativeMethodAccessorImpl.invoke0(Native Method)
	at java.base/jdk.internal.reflect.NativeMethodAccessorImpl.invoke(NativeMethodAccessorImpl.java:77)
	at java.base/jdk.internal.reflect.DelegatingMethodAccessorImpl.invoke(DelegatingMethodAccessorImpl.java:43)
	at java.base/java.lang.reflect.Method.invoke(Method.java:568)
	at org.testng.internal.MethodInvocationHelper.invokeMethod(MethodInvocationHelper.java:133)
	at org.testng.internal.TestInvoker.invokeMethod(TestInvoker.java:598)
	at org.testng.internal.TestInvoker.invokeTestMethod(TestInvoker.java:173)
	at org.testng.internal.MethodRunner.runInSequence(MethodRunner.java:46)
	at org.testng.internal.TestInvoker$MethodInvocationAgent.invoke(TestInvoker.java:824)
	at org.testng.internal.TestInvoker.invokeTestMethods(TestInvoker.java:146)
	at org.testng.internal.TestMethodWorker.invokeTestMethods(TestMethodWorker.java:146)
	at org.testng.internal.TestMethodWorker.run(TestMethodWorker.java:128)
	at java.base/java.util.ArrayList.forEach(ArrayList.java:1511)
	at org.testng.TestRunner.privateRun(TestRunner.java:794)
	at org.testng.TestRunner.run(TestRunner.java:596)
	at org.testng.SuiteRunner.runTest(SuiteRunner.java:377)
	at org.testng.SuiteRunner.runSequentially(SuiteRunner.java:371)
	at org.testng.SuiteRunner.privateRun(SuiteRunner.java:332)
	at org.testng.SuiteRunner.run(SuiteRunner.java:276)
	at org.testng.SuiteRunnerWorker.runSuite(SuiteRunnerWorker.java:53)
	at org.testng.SuiteRunnerWorker.run(SuiteRunnerWorker.java:96)
	at org.testng.TestNG.runSuitesSequentially(TestNG.java:1212)
	at org.testng.TestNG.runSuitesLocally(TestNG.java:1134)
	at org.testng.TestNG.runSuites(TestNG.java:1063)
	at org.testng.TestNG.run(TestNG.java:1031)
	at org.apache.maven.surefire.testng.TestNGExecutor.run(TestNGExecutor.java:308)
	at org.apache.maven.surefire.testng.TestNGXmlTestSuite.execute(TestNGXmlTestSuite.java:71)
	at org.apache.maven.surefire.testng.TestNGProvider.invoke(TestNGProvider.java:113)
	at org.apache.maven.surefire.booter.ForkedBooter.runSuitesInProcess(ForkedBooter.java:385)
	at org.apache.maven.surefire.booter.ForkedBooter.execute(ForkedBooter.java:162)
	at org.apache.maven.surefire.booter.ForkedBooter.run(ForkedBooter.java:507)
	at org.apache.maven.surefire.booter.ForkedBooter.main(ForkedBooter.java:495)
]]></failure>
    <system-out><![CDATA[Course Name:Introduction to Web Development
]]></system-out>
  </testcase>
  <testcase name="keyActions" classname="TestCases.TC002_LanguageLearning" time="29.843">
    <system-out><![CDATA[10:06:55.542 [main] INFO  TestBase.BaseClass - -----Successfully entered the text-----
]]></system-out>
  </testcase>
  <testcase name="getLanguages" classname="TestCases.TC002_LanguageLearning" time="51.213">
    <system-out><![CDATA[English (1,651)
Spanish (1,100)
Arabic (1,011)
French (996)
Chinese (China) (992)
Portuguese (Brazil) (987)
German (976)
Indonesian (975)
Hindi (971)
Italian (970)
Swedish (969)
Dutch (968)
Greek (968)
Polish (968)
Thai (968)
Turkish (968)
Ukrainian (968)
Russian (945)
Kazakh (893)
Hungarian (696)
Japanese (90)
Korean (88)
Chinese (Traditional) (5)
Hebrew (2)
The count of Languages :24
10:07:46.989 [main] INFO  TestBase.BaseClass - -----Successfully displayed the language details-----
]]></system-out>
  </testcase>
  <testcase name="closeButton" classname="TestCases.TC002_LanguageLearning" time="0.169">
    <system-out><![CDATA[10:07:47.336 [main] INFO  TestBase.BaseClass - -----Successfully clicked on the close button-----
]]></system-out>
  </testcase>
  <testcase name="getLevel" classname="TestCases.TC002_LanguageLearning" time="8.674">
    <system-out><![CDATA[Beginner (888)
Intermediate (782)
Advanced (80)
Mixed (148)
The count of Level :4
10:07:56.295 [main] INFO  TestBase.BaseClass - -----Successfully displayed the level details-----
]]></system-out>
  </testcase>
  <testcase name="homepage" classname="TestCases.TC003_ForEnterprise" time="27.033"/>
  <testcase name="clickEnterprise" classname="TestCases.TC003_ForEnterprise" time="26.849">
    <system-out><![CDATA[10:08:50.815 [main] INFO  TestBase.BaseClass - -----Scrolled to the For Enterprise-----
]]></system-out>
  </testcase>
  <testcase name="clickCoursera" classname="TestCases.TC003_ForEnterprise" time="3.392">
    <system-out><![CDATA[10:08:54.934 [main] INFO  TestBase.BaseClass - -----Clicked on the Coursera for campus-----
]]></system-out>
  </testcase>
  <testcase name="scrollToForm" classname="TestCases.TC003_ForEnterprise" time="0.063">
    <system-out><![CDATA[10:09:17.019 [main] INFO  TestBase.BaseClass - -----Scrolled to the form-----
]]></system-out>
  </testcase>
  <testcase name="fillName" classname="TestCases.TC003_ForEnterprise" time="0.918">
    <system-out><![CDATA[10:09:18.371 [main] INFO  TestBase.BaseClass - -----Entered the value of the name-----
]]></system-out>
  </testcase>
  <testcase name="personalDetails" classname="TestCases.TC003_ForEnterprise" time="0.573">
    <system-out><![CDATA[10:09:19.196 [main] INFO  TestBase.BaseClass - -----Entered the value of email and Phone Number -----
]]></system-out>
  </testcase>
  <testcase name="institution" classname="TestCases.TC003_ForEnterprise" time="0.822">
    <system-out><![CDATA[10:09:20.305 [main] INFO  TestBase.BaseClass - -----Entered the value for the institution-----
]]></system-out>
  </testcase>
  <testcase name="jobDetails" classname="TestCases.TC003_ForEnterprise" time="1.033">
    <system-out><![CDATA[10:09:21.583 [main] INFO  TestBase.BaseClass - -----Entered the values for the job details-----
]]></system-out>
  </testcase>
  <testcase name="countryDetails" classname="TestCases.TC003_ForEnterprise" time="0.495">
    <system-out><![CDATA[10:09:22.344 [main] INFO  TestBase.BaseClass - -----Entered the value for country-----
]]></system-out>
  </testcase>
  <testcase name="submitButton" classname="TestCases.TC003_ForEnterprise" time="3.141">
    <system-out><![CDATA[10:09:25.743 [main] INFO  TestBase.BaseClass - -----Clicked on the submit button-----
]]></system-out>
  </testcase>
  <testcase name="errorMessage" classname="TestCases.TC003_ForEnterprise" time="0.238">
    <system-out><![CDATA[example@yourdomain.com
10:09:26.443 [main] INFO  TestBase.BaseClass - -----Successfully captured the Error Message-----
]]></system-out>
  </testcase>
</testsuite>