<?xml version="1.0" encoding="UTF-8"?>
<testng-results ignored="4" total="22" passed="17" failed="1" skipped="0">
  <reporter-output>
  </reporter-output>
  <suite started-at="2024-03-05T10:04:48 IST" name="Suite" finished-at="2024-03-05T10:09:30 IST" duration-ms="282661">
    <groups>
      <group name="regression">
        <method signature="TC001_IdentifyCourses.VerifySelection()[pri:2, instance:TestCases.TC001_IdentifyCourses@18df8434]" name="VerifySelection" class="TestCases.TC001_IdentifyCourses"/>
        <method signature="TC001_IdentifyCourses.verifyCourse()[pri:3, instance:TestCases.TC001_IdentifyCourses@18df8434]" name="verifyCourse" class="TestCases.TC001_IdentifyCourses"/>
        <method signature="TC002_LanguageLearning.getLanguages()[pri:2, instance:TestCases.TC002_LanguageLearning@f09733f]" name="getLanguages" class="TestCases.TC002_LanguageLearning"/>
        <method signature="TC002_LanguageLearning.getLevel()[pri:4, instance:TestCases.TC002_LanguageLearning@f09733f]" name="getLevel" class="TestCases.TC002_LanguageLearning"/>
        <method signature="TC003_ForEnterprise.clickCoursera()[pri:3, instance:TestCases.TC003_ForEnterprise@2794eab6]" name="clickCoursera" class="TestCases.TC003_ForEnterprise"/>
        <method signature="TC003_ForEnterprise.countryDetails()[pri:9, instance:TestCases.TC003_ForEnterprise@2794eab6]" name="countryDetails" class="TestCases.TC003_ForEnterprise"/>
        <method signature="TC003_ForEnterprise.fillName()[pri:5, instance:TestCases.TC003_ForEnterprise@2794eab6]" name="fillName" class="TestCases.TC003_ForEnterprise"/>
        <method signature="TC003_ForEnterprise.institution()[pri:7, instance:TestCases.TC003_ForEnterprise@2794eab6]" name="institution" class="TestCases.TC003_ForEnterprise"/>
        <method signature="TC003_ForEnterprise.jobDetails()[pri:8, instance:TestCases.TC003_ForEnterprise@2794eab6]" name="jobDetails" class="TestCases.TC003_ForEnterprise"/>
        <method signature="TC003_ForEnterprise.personalDetails()[pri:6, instance:TestCases.TC003_ForEnterprise@2794eab6]" name="personalDetails" class="TestCases.TC003_ForEnterprise"/>
        <method signature="TC003_ForEnterprise.submitButton()[pri:10, instance:TestCases.TC003_ForEnterprise@2794eab6]" name="submitButton" class="TestCases.TC003_ForEnterprise"/>
      </group> <!-- regression -->
      <group name="smoke">
        <method signature="TC001_IdentifyCourses.verifyInputBox()[pri:1, instance:TestCases.TC001_IdentifyCourses@18df8434]" name="verifyInputBox" class="TestCases.TC001_IdentifyCourses"/>
        <method signature="TC002_LanguageLearning.closeButton()[pri:3, instance:TestCases.TC002_LanguageLearning@f09733f]" name="closeButton" class="TestCases.TC002_LanguageLearning"/>
        <method signature="TC002_LanguageLearning.keyActions()[pri:1, instance:TestCases.TC002_LanguageLearning@f09733f]" name="keyActions" class="TestCases.TC002_LanguageLearning"/>
        <method signature="TC003_ForEnterprise.clickEnterprise()[pri:2, instance:TestCases.TC003_ForEnterprise@2794eab6]" name="clickEnterprise" class="TestCases.TC003_ForEnterprise"/>
        <method signature="TC003_ForEnterprise.errorMessage()[pri:11, instance:TestCases.TC003_ForEnterprise@2794eab6]" name="errorMessage" class="TestCases.TC003_ForEnterprise"/>
        <method signature="TC003_ForEnterprise.homepage()[pri:1, instance:TestCases.TC003_ForEnterprise@2794eab6]" name="homepage" class="TestCases.TC003_ForEnterprise"/>
        <method signature="TC003_ForEnterprise.scrollToForm()[pri:4, instance:TestCases.TC003_ForEnterprise@2794eab6]" name="scrollToForm" class="TestCases.TC003_ForEnterprise"/>
      </group> <!-- smoke -->
    </groups>
    <test started-at="2024-03-05T10:04:48 IST" name="Test" finished-at="2024-03-05T10:09:30 IST" duration-ms="282661">
      <class name="TestCases.TC002_LanguageLearning">
        <test-method signature="keyActions()[pri:1, instance:TestCases.TC002_LanguageLearning@f09733f]" started-at="2024-03-05T10:06:25 IST" name="keyActions" finished-at="2024-03-05T10:06:55 IST" duration-ms="29839" status="PASS">
          <reporter-output>
          </reporter-output>
        </test-method> <!-- keyActions -->
        <test-method signature="getLanguages()[pri:2, instance:TestCases.TC002_LanguageLearning@f09733f]" started-at="2024-03-05T10:06:55 IST" name="getLanguages" finished-at="2024-03-05T10:07:46 IST" duration-ms="51212" status="PASS">
          <reporter-output>
          </reporter-output>
        </test-method> <!-- getLanguages -->
        <test-method signature="closeButton()[pri:3, instance:TestCases.TC002_LanguageLearning@f09733f]" started-at="2024-03-05T10:07:47 IST" name="closeButton" finished-at="2024-03-05T10:07:47 IST" duration-ms="164" status="PASS">
          <reporter-output>
          </reporter-output>
        </test-method> <!-- closeButton -->
        <test-method signature="getLevel()[pri:4, instance:TestCases.TC002_LanguageLearning@f09733f]" started-at="2024-03-05T10:07:47 IST" name="getLevel" finished-at="2024-03-05T10:07:56 IST" duration-ms="8675" status="PASS">
          <reporter-output>
          </reporter-output>
        </test-method> <!-- getLevel -->
      </class> <!-- TestCases.TC002_LanguageLearning -->
      <class name="TestCases.TC001_IdentifyCourses">
        <test-method is-config="true" signature="setUp1(java.lang.String,java.lang.String)[pri:0, instance:TestCases.TC001_IdentifyCourses@18df8434]" started-at="2024-03-05T10:04:48 IST" name="setUp1" finished-at="2024-03-05T10:05:09 IST" duration-ms="21213" status="PASS">
          <params>
            <param index="0">
              <value>
                <![CDATA[windows]]>
              </value>
            </param>
            <param index="1">
              <value>
                <![CDATA[chrome]]>
              </value>
            </param>
          </params>
          <reporter-output>
          </reporter-output>
        </test-method> <!-- setUp1 -->
        <test-method signature="verifyInputBox()[pri:1, instance:TestCases.TC001_IdentifyCourses@18df8434]" started-at="2024-03-05T10:05:09 IST" name="verifyInputBox" finished-at="2024-03-05T10:05:32 IST" duration-ms="22525" status="PASS">
          <reporter-output>
          </reporter-output>
        </test-method> <!-- verifyInputBox -->
        <test-method signature="VerifySelection()[pri:2, instance:TestCases.TC001_IdentifyCourses@18df8434]" started-at="2024-03-05T10:05:32 IST" name="VerifySelection" finished-at="2024-03-05T10:05:37 IST" duration-ms="4705" status="PASS">
          <reporter-output>
          </reporter-output>
        </test-method> <!-- VerifySelection -->
        <test-method signature="verifyCourse()[pri:3, instance:TestCases.TC001_IdentifyCourses@18df8434]" started-at="2024-03-05T10:05:37 IST" name="verifyCourse" finished-at="2024-03-05T10:06:25 IST" duration-ms="47911" status="FAIL">
          <exception class="org.openqa.selenium.NoSuchElementException">
            <message>
              <![CDATA[no such element: Unable to locate element: {"method":"xpath","selector":"(//div[starts-with(@class,'cds-119 cds-Typography-base css-h')])[6]"}
  (Session info: chrome=113.0.5672.93)
For documentation on this error, please visit: https://www.selenium.dev/documentation/webdriver/troubleshooting/errors#no-such-element-exception
Build info: version: '4.17.0', revision: 'e52b1be057*'
System info: os.name: 'Windows 11', os.arch: 'amd64', os.version: '10.0', java.version: '17.0.9'
Driver info: org.openqa.selenium.chrome.ChromeDriver
Command: [fe66ea5d9837f1c24dc838ffb9e761d5, findElement {using=xpath, value=(//div[starts-with(@class,'cds-119 cds-Typography-base css-h')])[6]}]
Capabilities {acceptInsecureCerts: false, browserName: chrome, browserVersion: 113.0.5672.93, chrome: {chromedriverVersion: 113.0.5672.63 (0e1a4471d5ae..., userDataDir: C:\Program Files (x86)\scop...}, goog:chromeOptions: {debuggerAddress: localhost:60081}, networkConnectionEnabled: false, pageLoadStrategy: normal, platformName: windows, proxy: Proxy(), se:cdp: ws://localhost:60081/devtoo..., se:cdpVersion: 113.0.5672.93, setWindowRect: true, strictFileInteractability: false, timeouts: {implicit: 0, pageLoad: 300000, script: 30000}, unhandledPromptBehavior: dismiss and notify, webauthn:extension:credBlob: true, webauthn:extension:largeBlob: true, webauthn:extension:minPinLength: true, webauthn:extension:prf: true, webauthn:virtualAuthenticators: true}
Session ID: fe66ea5d9837f1c24dc838ffb9e761d5]]>
            </message>
            <full-stacktrace>
              <![CDATA[org.openqa.selenium.NoSuchElementException: no such element: Unable to locate element: {"method":"xpath","selector":"(//div[starts-with(@class,'cds-119 cds-Typography-base css-h')])[6]"}
  (Session info: chrome=113.0.5672.93)
For documentation on this error, please visit: https://www.selenium.dev/documentation/webdriver/troubleshooting/errors#no-such-element-exception
Build info: version: '4.17.0', revision: 'e52b1be057*'
System info: os.name: 'Windows 11', os.arch: 'amd64', os.version: '10.0', java.version: '17.0.9'
Driver info: org.openqa.selenium.chrome.ChromeDriver
Command: [fe66ea5d9837f1c24dc838ffb9e761d5, findElement {using=xpath, value=(//div[starts-with(@class,'cds-119 cds-Typography-base css-h')])[6]}]
Capabilities {acceptInsecureCerts: false, browserName: chrome, browserVersion: 113.0.5672.93, chrome: {chromedriverVersion: 113.0.5672.63 (0e1a4471d5ae..., userDataDir: C:\Program Files (x86)\scop...}, goog:chromeOptions: {debuggerAddress: localhost:60081}, networkConnectionEnabled: false, pageLoadStrategy: normal, platformName: windows, proxy: Proxy(), se:cdp: ws://localhost:60081/devtoo..., se:cdpVersion: 113.0.5672.93, setWindowRect: true, strictFileInteractability: false, timeouts: {implicit: 0, pageLoad: 300000, script: 30000}, unhandledPromptBehavior: dismiss and notify, webauthn:extension:credBlob: true, webauthn:extension:largeBlob: true, webauthn:extension:minPinLength: true, webauthn:extension:prf: true, webauthn:virtualAuthenticators: true}
Session ID: fe66ea5d9837f1c24dc838ffb9e761d5
at java.base/jdk.internal.reflect.NativeConstructorAccessorImpl.newInstance0(Native Method)
at java.base/jdk.internal.reflect.NativeConstructorAccessorImpl.newInstance(NativeConstructorAccessorImpl.java:77)
at java.base/jdk.internal.reflect.DelegatingConstructorAccessorImpl.newInstance(DelegatingConstructorAccessorImpl.java:45)
at java.base/java.lang.reflect.Constructor.newInstanceWithCaller(Constructor.java:499)
at java.base/java.lang.reflect.Constructor.newInstance(Constructor.java:480)
at org.openqa.selenium.remote.codec.w3c.W3CHttpResponseCodec.createException(W3CHttpResponseCodec.java:185)
at org.openqa.selenium.remote.codec.w3c.W3CHttpResponseCodec.decode(W3CHttpResponseCodec.java:134)
at org.openqa.selenium.remote.codec.w3c.W3CHttpResponseCodec.decode(W3CHttpResponseCodec.java:51)
at org.openqa.selenium.remote.HttpCommandExecutor.execute(HttpCommandExecutor.java:190)
at org.openqa.selenium.remote.service.DriverCommandExecutor.invokeExecute(DriverCommandExecutor.java:216)
at org.openqa.selenium.remote.service.DriverCommandExecutor.execute(DriverCommandExecutor.java:174)
at org.openqa.selenium.remote.RemoteWebDriver.execute(RemoteWebDriver.java:519)
at org.openqa.selenium.remote.ElementLocation$ElementFinder$2.findElement(ElementLocation.java:165)
at org.openqa.selenium.remote.ElementLocation.findElement(ElementLocation.java:59)
at org.openqa.selenium.remote.RemoteWebDriver.findElement(RemoteWebDriver.java:356)
at org.openqa.selenium.remote.RemoteWebDriver.findElement(RemoteWebDriver.java:350)
at org.openqa.selenium.support.pagefactory.DefaultElementLocator.findElement(DefaultElementLocator.java:68)
at org.openqa.selenium.support.pagefactory.internal.LocatingElementHandler.invoke(LocatingElementHandler.java:38)
at jdk.proxy2/jdk.proxy2.$Proxy12.getText(Unknown Source)
at PageObjects.WebDevelopment.courseDetails1(WebDevelopment.java:104)
at TestCases.TC001_IdentifyCourses.verifyCourse(TC001_IdentifyCourses.java:34)
at java.base/jdk.internal.reflect.NativeMethodAccessorImpl.invoke0(Native Method)
at java.base/jdk.internal.reflect.NativeMethodAccessorImpl.invoke(NativeMethodAccessorImpl.java:77)
at java.base/jdk.internal.reflect.DelegatingMethodAccessorImpl.invoke(DelegatingMethodAccessorImpl.java:43)
at java.base/java.lang.reflect.Method.invoke(Method.java:568)
at org.testng.internal.MethodInvocationHelper.invokeMethod(MethodInvocationHelper.java:133)
at org.testng.internal.TestInvoker.invokeMethod(TestInvoker.java:598)
at org.testng.internal.TestInvoker.invokeTestMethod(TestInvoker.java:173)
at org.testng.internal.MethodRunner.runInSequence(MethodRunner.java:46)
at org.testng.internal.TestInvoker$MethodInvocationAgent.invoke(TestInvoker.java:824)
at org.testng.internal.TestInvoker.invokeTestMethods(TestInvoker.java:146)
at org.testng.internal.TestMethodWorker.invokeTestMethods(TestMethodWorker.java:146)
at org.testng.internal.TestMethodWorker.run(TestMethodWorker.java:128)
at java.base/java.util.ArrayList.forEach(ArrayList.java:1511)
at org.testng.TestRunner.privateRun(TestRunner.java:794)
at org.testng.TestRunner.run(TestRunner.java:596)
at org.testng.SuiteRunner.runTest(SuiteRunner.java:377)
at org.testng.SuiteRunner.runSequentially(SuiteRunner.java:371)
at org.testng.SuiteRunner.privateRun(SuiteRunner.java:332)
at org.testng.SuiteRunner.run(SuiteRunner.java:276)
at org.testng.SuiteRunnerWorker.runSuite(SuiteRunnerWorker.java:53)
at org.testng.SuiteRunnerWorker.run(SuiteRunnerWorker.java:96)
at org.testng.TestNG.runSuitesSequentially(TestNG.java:1212)
at org.testng.TestNG.runSuitesLocally(TestNG.java:1134)
at org.testng.TestNG.runSuites(TestNG.java:1063)
at org.testng.TestNG.run(TestNG.java:1031)
at org.apache.maven.surefire.testng.TestNGExecutor.run(TestNGExecutor.java:308)
at org.apache.maven.surefire.testng.TestNGXmlTestSuite.execute(TestNGXmlTestSuite.java:71)
at org.apache.maven.surefire.testng.TestNGProvider.invoke(TestNGProvider.java:113)
at org.apache.maven.surefire.booter.ForkedBooter.runSuitesInProcess(ForkedBooter.java:385)
at org.apache.maven.surefire.booter.ForkedBooter.execute(ForkedBooter.java:162)
at org.apache.maven.surefire.booter.ForkedBooter.run(ForkedBooter.java:507)
at org.apache.maven.surefire.booter.ForkedBooter.main(ForkedBooter.java:495)
]]>
            </full-stacktrace>
          </exception> <!-- org.openqa.selenium.NoSuchElementException -->
          <reporter-output>
          </reporter-output>
        </test-method> <!-- verifyCourse -->
        <test-method is-config="true" signature="tearDown()[pri:0, instance:TestCases.TC001_IdentifyCourses@18df8434]" started-at="2024-03-05T10:09:26 IST" name="tearDown" finished-at="2024-03-05T10:09:30 IST" duration-ms="3727" status="PASS">
          <reporter-output>
          </reporter-output>
        </test-method> <!-- tearDown -->
      </class> <!-- TestCases.TC001_IdentifyCourses -->
      <class name="TestCases.TC003_ForEnterprise">
        <test-method signature="homepage()[pri:1, instance:TestCases.TC003_ForEnterprise@2794eab6]" started-at="2024-03-05T10:07:56 IST" name="homepage" finished-at="2024-03-05T10:08:23 IST" duration-ms="27032" status="PASS">
          <reporter-output>
          </reporter-output>
        </test-method> <!-- homepage -->
        <test-method signature="clickEnterprise()[pri:2, instance:TestCases.TC003_ForEnterprise@2794eab6]" started-at="2024-03-05T10:08:23 IST" name="clickEnterprise" finished-at="2024-03-05T10:08:50 IST" duration-ms="26846" status="PASS">
          <reporter-output>
          </reporter-output>
        </test-method> <!-- clickEnterprise -->
        <test-method signature="clickCoursera()[pri:3, instance:TestCases.TC003_ForEnterprise@2794eab6]" started-at="2024-03-05T10:08:51 IST" name="clickCoursera" finished-at="2024-03-05T10:08:54 IST" duration-ms="3390" status="PASS">
          <reporter-output>
          </reporter-output>
        </test-method> <!-- clickCoursera -->
        <test-method signature="scrollToForm()[pri:4, instance:TestCases.TC003_ForEnterprise@2794eab6]" started-at="2024-03-05T10:09:16 IST" name="scrollToForm" finished-at="2024-03-05T10:09:17 IST" duration-ms="58" status="PASS">
          <reporter-output>
          </reporter-output>
        </test-method> <!-- scrollToForm -->
        <test-method signature="fillName()[pri:5, instance:TestCases.TC003_ForEnterprise@2794eab6]" started-at="2024-03-05T10:09:17 IST" name="fillName" finished-at="2024-03-05T10:09:18 IST" duration-ms="917" status="PASS">
          <reporter-output>
          </reporter-output>
        </test-method> <!-- fillName -->
        <test-method signature="personalDetails()[pri:6, instance:TestCases.TC003_ForEnterprise@2794eab6]" started-at="2024-03-05T10:09:18 IST" name="personalDetails" finished-at="2024-03-05T10:09:19 IST" duration-ms="570" status="PASS">
          <reporter-output>
          </reporter-output>
        </test-method> <!-- personalDetails -->
        <test-method signature="institution()[pri:7, instance:TestCases.TC003_ForEnterprise@2794eab6]" started-at="2024-03-05T10:09:19 IST" name="institution" finished-at="2024-03-05T10:09:20 IST" duration-ms="820" status="PASS">
          <reporter-output>
          </reporter-output>
        </test-method> <!-- institution -->
        <test-method signature="jobDetails()[pri:8, instance:TestCases.TC003_ForEnterprise@2794eab6]" started-at="2024-03-05T10:09:20 IST" name="jobDetails" finished-at="2024-03-05T10:09:21 IST" duration-ms="1030" status="PASS">
          <reporter-output>
          </reporter-output>
        </test-method> <!-- jobDetails -->
        <test-method signature="countryDetails()[pri:9, instance:TestCases.TC003_ForEnterprise@2794eab6]" started-at="2024-03-05T10:09:21 IST" name="countryDetails" finished-at="2024-03-05T10:09:22 IST" duration-ms="491" status="PASS">
          <reporter-output>
          </reporter-output>
        </test-method> <!-- countryDetails -->
        <test-method signature="submitButton()[pri:10, instance:TestCases.TC003_ForEnterprise@2794eab6]" started-at="2024-03-05T10:09:22 IST" name="submitButton" finished-at="2024-03-05T10:09:25 IST" duration-ms="3138" status="PASS">
          <reporter-output>
          </reporter-output>
        </test-method> <!-- submitButton -->
        <test-method signature="errorMessage()[pri:11, instance:TestCases.TC003_ForEnterprise@2794eab6]" started-at="2024-03-05T10:09:26 IST" name="errorMessage" finished-at="2024-03-05T10:09:26 IST" duration-ms="238" status="PASS">
          <reporter-output>
          </reporter-output>
        </test-method> <!-- errorMessage -->
      </class> <!-- TestCases.TC003_ForEnterprise -->
    </test> <!-- Test -->
  </suite> <!-- Suite -->
</testng-results>
