<?xml version="1.0" encoding="UTF-8"?>
<testng-results ignored="8" total="44" passed="36" failed="0" skipped="0">
  <reporter-output>
  </reporter-output>
  <suite started-at="2024-03-11T19:15:33 IST" name="Suite" finished-at="2024-03-11T19:20:05 IST" duration-ms="272409">
    <groups>
      <group name="regression">
        <method signature="TC001_IdentifyCourses.VerifySelection()[pri:2, instance:TestCases.TC001_IdentifyCourses@7b36aa0c]" name="VerifySelection" class="TestCases.TC001_IdentifyCourses"/>
        <method signature="TC001_IdentifyCourses.verifyCourse()[pri:3, instance:TestCases.TC001_IdentifyCourses@7b36aa0c]" name="verifyCourse" class="TestCases.TC001_IdentifyCourses"/>
        <method signature="TC002_LanguageLearning.getLanguages()[pri:2, instance:TestCases.TC002_LanguageLearning@1e0b4072]" name="getLanguages" class="TestCases.TC002_LanguageLearning"/>
        <method signature="TC002_LanguageLearning.getLevel()[pri:4, instance:TestCases.TC002_LanguageLearning@1e0b4072]" name="getLevel" class="TestCases.TC002_LanguageLearning"/>
        <method signature="TC003_ForEnterprise.clickCoursera()[pri:3, instance:TestCases.TC003_ForEnterprise@4b45a2f5]" name="clickCoursera" class="TestCases.TC003_ForEnterprise"/>
        <method signature="TC003_ForEnterprise.countryDetails()[pri:9, instance:TestCases.TC003_ForEnterprise@4b45a2f5]" name="countryDetails" class="TestCases.TC003_ForEnterprise"/>
        <method signature="TC003_ForEnterprise.fillName()[pri:5, instance:TestCases.TC003_ForEnterprise@4b45a2f5]" name="fillName" class="TestCases.TC003_ForEnterprise"/>
        <method signature="TC003_ForEnterprise.institution()[pri:7, instance:TestCases.TC003_ForEnterprise@4b45a2f5]" name="institution" class="TestCases.TC003_ForEnterprise"/>
        <method signature="TC003_ForEnterprise.jobDetails()[pri:8, instance:TestCases.TC003_ForEnterprise@4b45a2f5]" name="jobDetails" class="TestCases.TC003_ForEnterprise"/>
        <method signature="TC003_ForEnterprise.personalDetails()[pri:6, instance:TestCases.TC003_ForEnterprise@4b45a2f5]" name="personalDetails" class="TestCases.TC003_ForEnterprise"/>
        <method signature="TC003_ForEnterprise.submitButton()[pri:10, instance:TestCases.TC003_ForEnterprise@4b45a2f5]" name="submitButton" class="TestCases.TC003_ForEnterprise"/>
        <method signature="TC001_IdentifyCourses.VerifySelection()[pri:2, instance:TestCases.TC001_IdentifyCourses@7ef82753]" name="VerifySelection" class="TestCases.TC001_IdentifyCourses"/>
        <method signature="TC001_IdentifyCourses.verifyCourse()[pri:3, instance:TestCases.TC001_IdentifyCourses@7ef82753]" name="verifyCourse" class="TestCases.TC001_IdentifyCourses"/>
        <method signature="TC002_LanguageLearning.getLanguages()[pri:2, instance:TestCases.TC002_LanguageLearning@3b0fe47a]" name="getLanguages" class="TestCases.TC002_LanguageLearning"/>
        <method signature="TC002_LanguageLearning.getLevel()[pri:4, instance:TestCases.TC002_LanguageLearning@3b0fe47a]" name="getLevel" class="TestCases.TC002_LanguageLearning"/>
        <method signature="TC003_ForEnterprise.clickCoursera()[pri:3, instance:TestCases.TC003_ForEnterprise@202b0582]" name="clickCoursera" class="TestCases.TC003_ForEnterprise"/>
        <method signature="TC003_ForEnterprise.countryDetails()[pri:9, instance:TestCases.TC003_ForEnterprise@202b0582]" name="countryDetails" class="TestCases.TC003_ForEnterprise"/>
        <method signature="TC003_ForEnterprise.fillName()[pri:5, instance:TestCases.TC003_ForEnterprise@202b0582]" name="fillName" class="TestCases.TC003_ForEnterprise"/>
        <method signature="TC003_ForEnterprise.institution()[pri:7, instance:TestCases.TC003_ForEnterprise@202b0582]" name="institution" class="TestCases.TC003_ForEnterprise"/>
        <method signature="TC003_ForEnterprise.jobDetails()[pri:8, instance:TestCases.TC003_ForEnterprise@202b0582]" name="jobDetails" class="TestCases.TC003_ForEnterprise"/>
        <method signature="TC003_ForEnterprise.personalDetails()[pri:6, instance:TestCases.TC003_ForEnterprise@202b0582]" name="personalDetails" class="TestCases.TC003_ForEnterprise"/>
        <method signature="TC003_ForEnterprise.submitButton()[pri:10, instance:TestCases.TC003_ForEnterprise@202b0582]" name="submitButton" class="TestCases.TC003_ForEnterprise"/>
      </group> <!-- regression -->
      <group name="smoke">
        <method signature="TC001_IdentifyCourses.verifyInputBox()[pri:1, instance:TestCases.TC001_IdentifyCourses@7b36aa0c]" name="verifyInputBox" class="TestCases.TC001_IdentifyCourses"/>
        <method signature="TC002_LanguageLearning.closeButton()[pri:3, instance:TestCases.TC002_LanguageLearning@1e0b4072]" name="closeButton" class="TestCases.TC002_LanguageLearning"/>
        <method signature="TC002_LanguageLearning.keyActions()[pri:1, instance:TestCases.TC002_LanguageLearning@1e0b4072]" name="keyActions" class="TestCases.TC002_LanguageLearning"/>
        <method signature="TC003_ForEnterprise.clickEnterprise()[pri:2, instance:TestCases.TC003_ForEnterprise@4b45a2f5]" name="clickEnterprise" class="TestCases.TC003_ForEnterprise"/>
        <method signature="TC003_ForEnterprise.errorMessage()[pri:11, instance:TestCases.TC003_ForEnterprise@4b45a2f5]" name="errorMessage" class="TestCases.TC003_ForEnterprise"/>
        <method signature="TC003_ForEnterprise.homepage()[pri:1, instance:TestCases.TC003_ForEnterprise@4b45a2f5]" name="homepage" class="TestCases.TC003_ForEnterprise"/>
        <method signature="TC003_ForEnterprise.scrollToForm()[pri:4, instance:TestCases.TC003_ForEnterprise@4b45a2f5]" name="scrollToForm" class="TestCases.TC003_ForEnterprise"/>
        <method signature="TC001_IdentifyCourses.verifyInputBox()[pri:1, instance:TestCases.TC001_IdentifyCourses@7ef82753]" name="verifyInputBox" class="TestCases.TC001_IdentifyCourses"/>
        <method signature="TC002_LanguageLearning.closeButton()[pri:3, instance:TestCases.TC002_LanguageLearning@3b0fe47a]" name="closeButton" class="TestCases.TC002_LanguageLearning"/>
        <method signature="TC002_LanguageLearning.keyActions()[pri:1, instance:TestCases.TC002_LanguageLearning@3b0fe47a]" name="keyActions" class="TestCases.TC002_LanguageLearning"/>
        <method signature="TC003_ForEnterprise.clickEnterprise()[pri:2, instance:TestCases.TC003_ForEnterprise@202b0582]" name="clickEnterprise" class="TestCases.TC003_ForEnterprise"/>
        <method signature="TC003_ForEnterprise.errorMessage()[pri:11, instance:TestCases.TC003_ForEnterprise@202b0582]" name="errorMessage" class="TestCases.TC003_ForEnterprise"/>
        <method signature="TC003_ForEnterprise.homepage()[pri:1, instance:TestCases.TC003_ForEnterprise@202b0582]" name="homepage" class="TestCases.TC003_ForEnterprise"/>
        <method signature="TC003_ForEnterprise.scrollToForm()[pri:4, instance:TestCases.TC003_ForEnterprise@202b0582]" name="scrollToForm" class="TestCases.TC003_ForEnterprise"/>
      </group> <!-- smoke -->
    </groups>
    <test started-at="2024-03-11T19:15:33 IST" name="EdgeTest" finished-at="2024-03-11T19:17:46 IST" duration-ms="133560">
      <class name="TestCases.TC002_LanguageLearning">
        <test-method signature="keyActions()[pri:1, instance:TestCases.TC002_LanguageLearning@1e0b4072]" started-at="2024-03-11T19:16:14 IST" name="keyActions" finished-at="2024-03-11T19:16:18 IST" duration-ms="3993" status="PASS">
          <reporter-output>
          </reporter-output>
        </test-method> <!-- keyActions -->
        <test-method signature="getLanguages()[pri:2, instance:TestCases.TC002_LanguageLearning@1e0b4072]" started-at="2024-03-11T19:16:18 IST" name="getLanguages" finished-at="2024-03-11T19:17:08 IST" duration-ms="50394" status="PASS">
          <reporter-output>
          </reporter-output>
        </test-method> <!-- getLanguages -->
        <test-method signature="closeButton()[pri:3, instance:TestCases.TC002_LanguageLearning@1e0b4072]" started-at="2024-03-11T19:17:09 IST" name="closeButton" finished-at="2024-03-11T19:17:09 IST" duration-ms="126" status="PASS">
          <reporter-output>
          </reporter-output>
        </test-method> <!-- closeButton -->
        <test-method signature="getLevel()[pri:4, instance:TestCases.TC002_LanguageLearning@1e0b4072]" started-at="2024-03-11T19:17:09 IST" name="getLevel" finished-at="2024-03-11T19:17:18 IST" duration-ms="8644" status="PASS">
          <reporter-output>
          </reporter-output>
        </test-method> <!-- getLevel -->
      </class> <!-- TestCases.TC002_LanguageLearning -->
      <class name="TestCases.TC001_IdentifyCourses">
        <test-method is-config="true" signature="setUp1(java.lang.String,java.lang.String)[pri:0, instance:TestCases.TC001_IdentifyCourses@7b36aa0c]" started-at="2024-03-11T19:15:33 IST" name="setUp1" finished-at="2024-03-11T19:15:45 IST" duration-ms="11484" status="PASS">
          <params>
            <param index="0">
              <value>
                <![CDATA[windows]]>
              </value>
            </param>
            <param index="1">
              <value>
                <![CDATA[edge]]>
              </value>
            </param>
          </params>
          <reporter-output>
          </reporter-output>
        </test-method> <!-- setUp1 -->
        <test-method signature="verifyInputBox()[pri:1, instance:TestCases.TC001_IdentifyCourses@7b36aa0c]" started-at="2024-03-11T19:15:45 IST" name="verifyInputBox" finished-at="2024-03-11T19:15:54 IST" duration-ms="9265" status="PASS">
          <reporter-output>
          </reporter-output>
        </test-method> <!-- verifyInputBox -->
        <test-method signature="VerifySelection()[pri:2, instance:TestCases.TC001_IdentifyCourses@7b36aa0c]" started-at="2024-03-11T19:15:55 IST" name="VerifySelection" finished-at="2024-03-11T19:15:58 IST" duration-ms="3299" status="PASS">
          <reporter-output>
          </reporter-output>
        </test-method> <!-- VerifySelection -->
        <test-method signature="verifyCourse()[pri:3, instance:TestCases.TC001_IdentifyCourses@7b36aa0c]" started-at="2024-03-11T19:15:58 IST" name="verifyCourse" finished-at="2024-03-11T19:16:13 IST" duration-ms="15170" status="PASS">
          <reporter-output>
          </reporter-output>
        </test-method> <!-- verifyCourse -->
        <test-method is-config="true" signature="tearDown()[pri:0, instance:TestCases.TC001_IdentifyCourses@7b36aa0c]" started-at="2024-03-11T19:17:45 IST" name="tearDown" finished-at="2024-03-11T19:17:46 IST" duration-ms="1328" status="PASS">
          <reporter-output>
          </reporter-output>
        </test-method> <!-- tearDown -->
      </class> <!-- TestCases.TC001_IdentifyCourses -->
      <class name="TestCases.TC003_ForEnterprise">
        <test-method signature="homepage()[pri:1, instance:TestCases.TC003_ForEnterprise@4b45a2f5]" started-at="2024-03-11T19:17:18 IST" name="homepage" finished-at="2024-03-11T19:17:24 IST" duration-ms="6288" status="PASS">
          <reporter-output>
          </reporter-output>
        </test-method> <!-- homepage -->
        <test-method signature="clickEnterprise()[pri:2, instance:TestCases.TC003_ForEnterprise@4b45a2f5]" started-at="2024-03-11T19:17:24 IST" name="clickEnterprise" finished-at="2024-03-11T19:17:30 IST" duration-ms="5986" status="PASS">
          <reporter-output>
          </reporter-output>
        </test-method> <!-- clickEnterprise -->
        <test-method signature="clickCoursera()[pri:3, instance:TestCases.TC003_ForEnterprise@4b45a2f5]" started-at="2024-03-11T19:17:31 IST" name="clickCoursera" finished-at="2024-03-11T19:17:37 IST" duration-ms="5883" status="PASS">
          <reporter-output>
          </reporter-output>
        </test-method> <!-- clickCoursera -->
        <test-method signature="scrollToForm()[pri:4, instance:TestCases.TC003_ForEnterprise@4b45a2f5]" started-at="2024-03-11T19:17:37 IST" name="scrollToForm" finished-at="2024-03-11T19:17:37 IST" duration-ms="34" status="PASS">
          <reporter-output>
          </reporter-output>
        </test-method> <!-- scrollToForm -->
        <test-method signature="fillName()[pri:5, instance:TestCases.TC003_ForEnterprise@4b45a2f5]" started-at="2024-03-11T19:17:38 IST" name="fillName" finished-at="2024-03-11T19:17:38 IST" duration-ms="439" status="PASS">
          <reporter-output>
          </reporter-output>
        </test-method> <!-- fillName -->
        <test-method signature="personalDetails()[pri:6, instance:TestCases.TC003_ForEnterprise@4b45a2f5]" started-at="2024-03-11T19:17:38 IST" name="personalDetails" finished-at="2024-03-11T19:17:39 IST" duration-ms="323" status="PASS">
          <reporter-output>
          </reporter-output>
        </test-method> <!-- personalDetails -->
        <test-method signature="institution()[pri:7, instance:TestCases.TC003_ForEnterprise@4b45a2f5]" started-at="2024-03-11T19:17:39 IST" name="institution" finished-at="2024-03-11T19:17:39 IST" duration-ms="724" status="PASS">
          <reporter-output>
          </reporter-output>
        </test-method> <!-- institution -->
        <test-method signature="jobDetails()[pri:8, instance:TestCases.TC003_ForEnterprise@4b45a2f5]" started-at="2024-03-11T19:17:40 IST" name="jobDetails" finished-at="2024-03-11T19:17:41 IST" duration-ms="1091" status="PASS">
          <reporter-output>
          </reporter-output>
        </test-method> <!-- jobDetails -->
        <test-method signature="countryDetails()[pri:9, instance:TestCases.TC003_ForEnterprise@4b45a2f5]" started-at="2024-03-11T19:17:41 IST" name="countryDetails" finished-at="2024-03-11T19:17:41 IST" duration-ms="361" status="PASS">
          <reporter-output>
          </reporter-output>
        </test-method> <!-- countryDetails -->
        <test-method signature="submitButton()[pri:10, instance:TestCases.TC003_ForEnterprise@4b45a2f5]" started-at="2024-03-11T19:17:42 IST" name="submitButton" finished-at="2024-03-11T19:17:45 IST" duration-ms="3072" status="PASS">
          <reporter-output>
          </reporter-output>
        </test-method> <!-- submitButton -->
        <test-method signature="errorMessage()[pri:11, instance:TestCases.TC003_ForEnterprise@4b45a2f5]" started-at="2024-03-11T19:17:45 IST" name="errorMessage" finished-at="2024-03-11T19:17:45 IST" duration-ms="136" status="PASS">
          <reporter-output>
          </reporter-output>
        </test-method> <!-- errorMessage -->
      </class> <!-- TestCases.TC003_ForEnterprise -->
    </test> <!-- EdgeTest -->
    <test started-at="2024-03-11T19:17:54 IST" name="ChromeTest" finished-at="2024-03-11T19:20:05 IST" duration-ms="131480">
      <class name="TestCases.TC002_LanguageLearning">
        <test-method signature="keyActions()[pri:1, instance:TestCases.TC002_LanguageLearning@3b0fe47a]" started-at="2024-03-11T19:18:30 IST" name="keyActions" finished-at="2024-03-11T19:18:34 IST" duration-ms="3915" status="PASS">
          <reporter-output>
          </reporter-output>
        </test-method> <!-- keyActions -->
        <test-method signature="getLanguages()[pri:2, instance:TestCases.TC002_LanguageLearning@3b0fe47a]" started-at="2024-03-11T19:18:34 IST" name="getLanguages" finished-at="2024-03-11T19:19:24 IST" duration-ms="50160" status="PASS">
          <reporter-output>
          </reporter-output>
        </test-method> <!-- getLanguages -->
        <test-method signature="closeButton()[pri:3, instance:TestCases.TC002_LanguageLearning@3b0fe47a]" started-at="2024-03-11T19:19:25 IST" name="closeButton" finished-at="2024-03-11T19:19:25 IST" duration-ms="155" status="PASS">
          <reporter-output>
          </reporter-output>
        </test-method> <!-- closeButton -->
        <test-method signature="getLevel()[pri:4, instance:TestCases.TC002_LanguageLearning@3b0fe47a]" started-at="2024-03-11T19:19:25 IST" name="getLevel" finished-at="2024-03-11T19:19:34 IST" duration-ms="8712" status="PASS">
          <reporter-output>
          </reporter-output>
        </test-method> <!-- getLevel -->
      </class> <!-- TestCases.TC002_LanguageLearning -->
      <class name="TestCases.TC001_IdentifyCourses">
        <test-method is-config="true" signature="setUp1(java.lang.String,java.lang.String)[pri:0, instance:TestCases.TC001_IdentifyCourses@7ef82753]" started-at="2024-03-11T19:17:54 IST" name="setUp1" finished-at="2024-03-11T19:18:09 IST" duration-ms="14661" status="PASS">
          <params>
            <param index="0">
              <value>
                <![CDATA[windows]]>
              </value>
            </param>
            <param index="1">
              <value>
                <![CDATA[chrome]]>
              </value>
            </param>
          </params>
          <reporter-output>
          </reporter-output>
        </test-method> <!-- setUp1 -->
        <test-method signature="verifyInputBox()[pri:1, instance:TestCases.TC001_IdentifyCourses@7ef82753]" started-at="2024-03-11T19:18:09 IST" name="verifyInputBox" finished-at="2024-03-11T19:18:13 IST" duration-ms="4639" status="PASS">
          <reporter-output>
          </reporter-output>
        </test-method> <!-- verifyInputBox -->
        <test-method signature="VerifySelection()[pri:2, instance:TestCases.TC001_IdentifyCourses@7ef82753]" started-at="2024-03-11T19:18:14 IST" name="VerifySelection" finished-at="2024-03-11T19:18:17 IST" duration-ms="3493" status="PASS">
          <reporter-output>
          </reporter-output>
        </test-method> <!-- VerifySelection -->
        <test-method signature="verifyCourse()[pri:3, instance:TestCases.TC001_IdentifyCourses@7ef82753]" started-at="2024-03-11T19:18:17 IST" name="verifyCourse" finished-at="2024-03-11T19:18:30 IST" duration-ms="12346" status="PASS">
          <reporter-output>
          </reporter-output>
        </test-method> <!-- verifyCourse -->
        <test-method is-config="true" signature="tearDown()[pri:0, instance:TestCases.TC001_IdentifyCourses@7ef82753]" started-at="2024-03-11T19:20:04 IST" name="tearDown" finished-at="2024-03-11T19:20:05 IST" duration-ms="1275" status="PASS">
          <reporter-output>
          </reporter-output>
        </test-method> <!-- tearDown -->
      </class> <!-- TestCases.TC001_IdentifyCourses -->
      <class name="TestCases.TC003_ForEnterprise">
        <test-method signature="homepage()[pri:1, instance:TestCases.TC003_ForEnterprise@202b0582]" started-at="2024-03-11T19:19:34 IST" name="homepage" finished-at="2024-03-11T19:19:42 IST" duration-ms="7528" status="PASS">
          <reporter-output>
          </reporter-output>
        </test-method> <!-- homepage -->
        <test-method signature="clickEnterprise()[pri:2, instance:TestCases.TC003_ForEnterprise@202b0582]" started-at="2024-03-11T19:19:42 IST" name="clickEnterprise" finished-at="2024-03-11T19:19:48 IST" duration-ms="6402" status="PASS">
          <reporter-output>
          </reporter-output>
        </test-method> <!-- clickEnterprise -->
        <test-method signature="clickCoursera()[pri:3, instance:TestCases.TC003_ForEnterprise@202b0582]" started-at="2024-03-11T19:19:49 IST" name="clickCoursera" finished-at="2024-03-11T19:19:55 IST" duration-ms="5831" status="PASS">
          <reporter-output>
          </reporter-output>
        </test-method> <!-- clickCoursera -->
        <test-method signature="scrollToForm()[pri:4, instance:TestCases.TC003_ForEnterprise@202b0582]" started-at="2024-03-11T19:19:55 IST" name="scrollToForm" finished-at="2024-03-11T19:19:55 IST" duration-ms="47" status="PASS">
          <reporter-output>
          </reporter-output>
        </test-method> <!-- scrollToForm -->
        <test-method signature="fillName()[pri:5, instance:TestCases.TC003_ForEnterprise@202b0582]" started-at="2024-03-11T19:19:56 IST" name="fillName" finished-at="2024-03-11T19:19:56 IST" duration-ms="628" status="PASS">
          <reporter-output>
          </reporter-output>
        </test-method> <!-- fillName -->
        <test-method signature="personalDetails()[pri:6, instance:TestCases.TC003_ForEnterprise@202b0582]" started-at="2024-03-11T19:19:56 IST" name="personalDetails" finished-at="2024-03-11T19:19:57 IST" duration-ms="507" status="PASS">
          <reporter-output>
          </reporter-output>
        </test-method> <!-- personalDetails -->
        <test-method signature="institution()[pri:7, instance:TestCases.TC003_ForEnterprise@202b0582]" started-at="2024-03-11T19:19:57 IST" name="institution" finished-at="2024-03-11T19:19:58 IST" duration-ms="778" status="PASS">
          <reporter-output>
          </reporter-output>
        </test-method> <!-- institution -->
        <test-method signature="jobDetails()[pri:8, instance:TestCases.TC003_ForEnterprise@202b0582]" started-at="2024-03-11T19:19:58 IST" name="jobDetails" finished-at="2024-03-11T19:19:59 IST" duration-ms="1048" status="PASS">
          <reporter-output>
          </reporter-output>
        </test-method> <!-- jobDetails -->
        <test-method signature="countryDetails()[pri:9, instance:TestCases.TC003_ForEnterprise@202b0582]" started-at="2024-03-11T19:20:00 IST" name="countryDetails" finished-at="2024-03-11T19:20:00 IST" duration-ms="478" status="PASS">
          <reporter-output>
          </reporter-output>
        </test-method> <!-- countryDetails -->
        <test-method signature="submitButton()[pri:10, instance:TestCases.TC003_ForEnterprise@202b0582]" started-at="2024-03-11T19:20:00 IST" name="submitButton" finished-at="2024-03-11T19:20:04 IST" duration-ms="3138" status="PASS">
          <reporter-output>
          </reporter-output>
        </test-method> <!-- submitButton -->
        <test-method signature="errorMessage()[pri:11, instance:TestCases.TC003_ForEnterprise@202b0582]" started-at="2024-03-11T19:20:04 IST" name="errorMessage" finished-at="2024-03-11T19:20:04 IST" duration-ms="133" status="PASS">
          <reporter-output>
          </reporter-output>
        </test-method> <!-- errorMessage -->
      </class> <!-- TestCases.TC003_ForEnterprise -->
    </test> <!-- ChromeTest -->
  </suite> <!-- Suite -->
</testng-results>
